<?xml version="1.0" encoding="UTF-8"?>
<!-- Generated by org.testng.reporters.JUnitXMLReporter -->
<testsuite ignored="0" hostname="DESKTOP-LAQU100" failures="1" tests="2" name="Test" time="17.788" errors="0" timestamp="2022-08-31T07:05:34 IST">
  <testcase classname="TestCases.VerifyLoginTestCases" name="login" time="1.672"/>
  <testcase classname="TestCases.VerifySignUpTestCases" name="SignUp" time="5.872">
    <failure type="java.lang.AssertionError" message="The following asserts failed:
	expected [Fre CRM Trial: Salesforce 30-Day Trial - Salesforce IN] but found [Free CRM Trial: Salesforce 30-Day Trial - Salesforce IN]">
      <![CDATA[java.lang.AssertionError: The following asserts failed:
expected [Fre CRM Trial: Salesforce 30-Day Trial - Salesforce IN] but found [Free CRM Trial: Salesforce 30-Day Trial - Salesforce IN]
at Resources.CommonUtilities.AssertionHandling(CommonUtilities.java:20)
at TestCases.VerifySignUpTestCases.SignUp(VerifySignUpTestCases.java:25)
at java.base/java.util.ArrayList.forEach(ArrayList.java:1511)
... Removed 27 stack frames]]>
    </failure>
  </testcase> <!-- SignUp -->
</testsuite> <!-- Test -->
